number,value,datetime_start,datetime_complete,duration,params_colsample_bytree,params_learning_rate,params_max_depth,params_min_child_samples,params_n_estimators,params_num_leaves,params_reg_alpha,params_reg_lambda,params_subsample,state
0,3.655128942357334,2026-08-04 11:50:11.115368,2026-08-04 11:50:12.781429,0 days 00:00:01.666061,0.7606690070459252,0.04725396149933918,7,12,406,61,2.5348407664333426e-07,3.3323645788192616e-08,0.9197056874649611,COMPLETE
1,3.8063967049489262,2026-08-04 11:50:12.781690,2026-08-04 11:50:13.030525,0 days 00:00:00.248835,0.7148538589793427,0.13867767003062487,8,14,723,8,4.329370014459266e-07,4.4734294104626844e-07,0.5825453457757226,COMPLETE
2,3.5255615705954226,2026-08-04 11:50:13.030684,2026-08-04 11:50:13.352994,0 days 00:00:00.322310,0.5198042692950159,0.005703073595961104,6,18,460,23,1.9826980964985924e-05,0.00012724181576752517,0.8711055768358081,COMPLETE
3,3.433956590880114,2026-08-04 11:50:13.353137,2026-08-04 11:50:13.475249,0 days 00:00:00.122112,0.8850384088698766,0.049227860191943744,2,12,539,40,3.850031979199519e-08,3.4671276804481113,0.9793792198447356,COMPLETE
4,3.4498053053577658,2026-08-04 11:50:13.475385,2026-08-04 11:50:13.628558,0 days 00:00:00.153173,0.5552679889600102,0.022773314415848074,6,10,339,12,0.00028614897264046574,2.039373116525212e-08,0.9455922412472693,COMPLETE
5,3.7933785286224397,2026-08-04 11:50:13.628722,2026-08-04 11:50:13.755360,0 days 00:00:00.126638,0.9368964102565893,0.037199903510538264,5,13,680,24,5.324289357128436,0.09466630153726856,0.9636993649385135,PRUNED
6,3.4022265265380405,2026-08-04 11:50:13.755472,2026-08-04 11:50:13.887793,0 days 00:00:00.132321,0.8972425054911576,0.007397534164346209,2,7,618,59,8.471746987003668e-06,3.148441347423712e-05,0.5628094190643376,COMPLETE
7,3.6901709579795576,2026-08-04 11:50:13.887930,2026-08-04 11:50:13.938441,0 days 00:00:00.050511,0.5192294089205034,0.005740764146307686,5,41,389,23,4.6876566400928895e-08,7.620481786158549,0.8633468615779945,PRUNED
8,3.458839630258307,2026-08-04 11:50:13.938548,2026-08-04 11:50:13.983620,0 days 00:00:00.045072,0.9178620555253562,0.08612626044586402,6,40,55,53,4.638759594322625e-08,1.683416412018213e-05,0.4695214357150779,COMPLETE
9,3.412416166651166,2026-08-04 11:50:13.983752,2026-08-04 11:50:14.115797,0 days 00:00:00.132045,0.6833289550971695,0.012562784156701876,2,19,642,25,0.036851536911881845,0.005470376807480391,0.932327645545796,COMPLETE
10,4.230143343183591,2026-08-04 11:50:14.115956,2026-08-04 11:50:14.214699,0 days 00:00:00.098743,0.44776661280266333,0.21963519729757788,3,28,965,45,0.0024186815898149553,6.379136939832477e-05,0.6966681955033522,PRUNED
11,3.4151362016571083,2026-08-04 11:50:14.214810,2026-08-04 11:50:14.371890,0 days 00:00:00.157080,0.7188669530865943,0.013898248009815746,2,24,752,36,0.18888153205814018,0.005242947871923816,0.7439745865907376,COMPLETE
12,3.444981654607795,2026-08-04 11:50:14.372021,2026-08-04 11:50:14.647457,0 days 00:00:00.275436,0.8361054142669924,0.00335433336538432,3,25,892,60,0.0195536152465732,0.0044543722426483735,0.4201515309606834,COMPLETE
13,3.4249827541405438,2026-08-04 11:50:14.647610,2026-08-04 11:50:14.833414,0 days 00:00:00.185804,0.9956268922495185,0.011487926178352037,3,5,576,33,1.428884817021697e-05,0.001927103820188554,0.7119478246911505,COMPLETE
14,3.6917261586905132,2026-08-04 11:50:14.833564,2026-08-04 11:50:14.860827,0 days 00:00:00.027263,0.6249620767223122,0.011040763755513184,2,32,199,50,1.9216849094917288,9.802558994905501e-06,0.5670361158170311,PRUNED
15,3.6243584472915282,2026-08-04 11:50:14.860959,2026-08-04 11:50:14.972854,0 days 00:00:00.111895,0.8039600212746765,0.005832218432295593,4,19,830,17,1.8551139437601808e-05,0.13824478634127285,0.7970848122371675,PRUNED
16,3.6813418654945984,2026-08-04 11:50:14.972959,2026-08-04 11:50:15.066943,0 days 00:00:00.093984,0.6464927712720836,0.022287356266576925,4,5,601,30,0.00044081640472577624,1.3000069096789098e-06,0.6049300569612954,PRUNED
17,3.9230661866455154,2026-08-04 11:50:15.067051,2026-08-04 11:50:15.097553,0 days 00:00:00.030502,0.9982302564370711,0.004002387397270402,2,33,283,53,0.10697738088449894,0.0005482122671588802,0.5506927741641987,PRUNED
18,3.4201888491256276,2026-08-04 11:50:15.097660,2026-08-04 11:50:15.292751,0 days 00:00:00.195091,0.6395767889912839,0.008475986849611004,3,20,651,45,0.008024066324871112,0.03387557668886888,0.654205174601577,COMPLETE
19,3.632007644295031,2026-08-04 11:50:15.292887,2026-08-04 11:50:15.365060,0 days 00:00:00.072173,0.42601425755401534,0.021919812086362907,4,8,491,28,9.989962552344322e-07,1.493656852319989e-06,0.5017489176326511,PRUNED
20,3.540115403795551,2026-08-04 11:50:15.365192,2026-08-04 11:50:15.499568,0 days 00:00:00.134376,0.830031445840551,0.01671605510356705,2,48,803,16,0.00016014498308465508,0.6233400519437848,0.7943449398325464,PRUNED
21,3.4146900566417684,2026-08-04 11:50:15.499678,2026-08-04 11:50:15.658023,0 days 00:00:00.158345,0.7298050397446922,0.013006705638850334,2,24,726,36,0.30838124334405126,0.007775038297302991,0.7691109458428746,COMPLETE
22,3.3969438217962233,2026-08-04 11:50:15.658166,2026-08-04 11:50:15.843820,0 days 00:00:00.185654,0.7133774016145881,0.008381172712733035,3,17,614,40,0.4561618416669044,0.017167180659618215,0.8307963751746064,COMPLETE
23,3.4185289653706343,2026-08-04 11:50:15.843958,2026-08-04 11:50:16.031017,0 days 00:00:00.187059,0.6787800086728504,0.007939757621121491,3,18,599,42,0.8069041744979282,0.0004332864366366397,0.8543888596860163,COMPLETE
24,3.4176530736474016,2026-08-04 11:50:16.031187,2026-08-04 11:50:16.199125,0 days 00:00:00.167938,0.5808431498603919,0.007574549777205278,3,16,506,63,0.027931713437817984,0.02772230088365572,0.9970932107936226,COMPLETE
25,3.6193384962159283,2026-08-04 11:50:16.199258,2026-08-04 11:50:16.305965,0 days 00:00:00.106707,0.7844881879948042,0.004495728206609814,4,8,613,57,9.517361082562406,0.267124089140782,0.9096745872286572,PRUNED
26,3.6049102244034605,2026-08-04 11:50:16.306075,2026-08-04 11:50:16.372635,0 days 00:00:00.066560,0.8819780928170102,0.003102261430413636,2,22,823,46,0.0029914903911153665,1.2430419173244565,0.831487859703077,PRUNED
27,3.6986134758169413,2026-08-04 11:50:16.372741,2026-08-04 11:50:16.441498,0 days 00:00:00.068757,0.6787999329558786,0.030780330748316265,3,16,655,18,0.06599616744390546,0.0006064091559401095,0.6556358831755204,PRUNED
28,3.6047228261168787,2026-08-04 11:50:16.441604,2026-08-04 11:50:16.559514,0 days 00:00:00.117910,0.5938758909112676,0.008209075693324706,4,31,986,51,3.4864240158610625e-06,4.8143982849862325e-05,0.8971232023948734,PRUNED
29,3.8687538709723555,2026-08-04 11:50:16.559622,2026-08-04 11:50:16.645723,0 days 00:00:00.086101,0.7601446988508316,0.06243903690617099,5,9,417,59,1.0937767123361575,2.4214046689982763e-07,0.40620906338145796,PRUNED
30,3.409520902025291,2026-08-04 11:50:16.645830,2026-08-04 11:50:16.775345,0 days 00:00:00.129515,0.8543324897192124,0.01595015108202813,2,27,551,39,0.0009211821741745486,0.024787006778181634,0.9187264205229493,COMPLETE
31,3.527896438147073,2026-08-04 11:50:16.775480,2026-08-04 11:50:16.871454,0 days 00:00:00.095974,0.8620635907600329,0.015627020448631644,2,36,541,38,7.253460398895123e-05,0.02250410301931924,0.9375147709799111,PRUNED
32,3.6867860044162715,2026-08-04 11:50:16.871560,2026-08-04 11:50:17.009469,0 days 00:00:00.137909,0.9445346830216197,0.010064645871074569,8,26,670,28,0.0010200996202597197,0.002041236263880261,0.9038725771546058,PRUNED
33,3.618415985518749,2026-08-04 11:50:17.009581,2026-08-04 11:50:17.054565,0 days 00:00:00.044984,0.7600891946807702,0.029090465570098277,2,28,467,7,0.010954961047047077,8.667446675698729e-08,0.8260275822931169,PRUNED
34,3.650798139672645,2026-08-04 11:50:17.054675,2026-08-04 11:50:17.141754,0 days 00:00:00.087079,0.6804532774009381,0.017904997822623697,3,15,759,33,0.36436042693892917,0.012880180669149376,0.8855956149871257,PRUNED
35,3.587704953230161,2026-08-04 11:50:17.141869,2026-08-04 11:50:17.191222,0 days 00:00:00.049353,0.8092782217186797,0.005417905789801317,2,22,539,42,3.393919865398478e-06,0.05465564423392593,0.9421226357167467,PRUNED
36,3.5330300628727422,2026-08-04 11:50:17.191338,2026-08-04 11:50:17.378654,0 days 00:00:00.187316,0.9015471074817938,0.009988675413119945,7,12,428,13,5.61877851477268e-05,0.3713894091786736,0.9722718758515186,PRUNED
37,3.6178261652958312,2026-08-04 11:50:17.378766,2026-08-04 11:50:17.457768,0 days 00:00:00.079002,0.8476650047222667,0.019364616602886738,3,11,701,20,2.468172898771592e-07,0.00019634568277692466,0.8329510173678427,PRUNED
38,3.6885428198239394,2026-08-04 11:50:17.457880,2026-08-04 11:50:17.492063,0 days 00:00:00.034183,0.7261257082256277,0.0066749248790608446,2,21,313,56,0.04887402694928946,0.0013559586982186242,0.5057281923075897,PRUNED
39,3.712291454210405,2026-08-04 11:50:17.492169,2026-08-04 11:50:17.554590,0 days 00:00:00.062421,0.9496718516491152,0.040877598816597804,3,14,554,25,0.00253523467768042,2.7044527503884255,0.9284463757532524,PRUNED
40,3.6654870390894416,2026-08-04 11:50:17.554700,2026-08-04 11:50:17.628144,0 days 00:00:00.073444,0.501014388376901,0.02634115256694527,2,28,909,47,1.7372140276006827e-08,1.0305050066959612e-08,0.6131880317630213,PRUNED
41,3.5846144401034112,2026-08-04 11:50:17.628250,2026-08-04 11:50:17.689836,0 days 00:00:00.061586,0.7270743251434433,0.012599037068503054,2,24,734,34,2.8917994302298085,0.008521537345361806,0.739309987935229,PRUNED
42,3.5964368463546155,2026-08-04 11:50:17.689951,2026-08-04 11:50:17.743583,0 days 00:00:00.053632,0.7726326637065275,0.013551366969971819,2,19,624,38,0.36371457764706794,0.12511640954344902,0.7675910243775833,PRUNED
43,3.4051888817609175,2026-08-04 11:50:17.743688,2026-08-04 11:50:17.898839,0 days 00:00:00.155151,0.6987232806471608,0.009466600732240994,2,26,705,42,0.24250267667565162,0.003913233716323086,0.8653295275257943,COMPLETE
44,3.5310110209691716,2026-08-04 11:50:17.898972,2026-08-04 11:50:18.063687,0 days 00:00:00.164715,0.7013231919010188,0.004913534350733487,3,30,680,40,0.12172044564102773,4.890716764691369e-06,0.9732062588152068,PRUNED
45,3.523877985246035,2026-08-04 11:50:18.063795,2026-08-04 11:50:18.156499,0 days 00:00:00.092704,0.655477032857118,0.009890670735742759,2,36,505,48,0.007296542644601128,9.228810123032189e-05,0.8697600529145117,PRUNED
46,3.408426177243123,2026-08-04 11:50:18.156605,2026-08-04 11:50:18.379382,0 days 00:00:00.222777,0.6132509816148635,0.0068604339346201885,3,26,777,42,0.0005795868191299379,0.003966964643641388,0.9539482222689031,COMPLETE
47,3.4201264123827406,2026-08-04 11:50:18.379538,2026-08-04 11:50:18.592687,0 days 00:00:00.213149,0.6101991381807511,0.006700538404518378,3,34,769,50,0.0006011621430763107,0.002317327034993502,0.8513187219483435,PRUNED
48,3.590824280570441,2026-08-04 11:50:18.592795,2026-08-04 11:50:18.718034,0 days 00:00:00.125239,0.5460699164614318,0.0037248364761070236,4,27,874,41,6.045379436190261e-06,0.0635304491318166,0.9947060892171231,PRUNED
49,3.9957721527451406,2026-08-04 11:50:18.718144,2026-08-04 11:50:18.779436,0 days 00:00:00.061292,0.9678890848981156,0.14785823265241077,3,41,572,44,5.433764364996839e-05,0.00030758729933402394,0.9543692492258748,PRUNED
